2018-10-18 16:33:33,690 [Worker-1] INFO  c.g.t.t.d.PublishedGradleVersions - Gradle version information cache is up-to-date. Trying to read.
2018-10-18 16:35:25,906 [Worker-14] INFO  o.e.m.c.i.l.LifecycleMappingFactory - Using NULL lifecycle mapping for MavenProject: esipeMavenProjet:mavenRestProject:0.0.1-SNAPSHOT @ C:\Users\benoit\git cycleLogiciel\Esipe\mavenRestProject\pom.xml.
2018-10-18 16:35:41,569 [Worker-15] INFO  o.e.m.c.i.l.LifecycleMappingFactory - Using org.eclipse.m2e.jdt.JarLifecycleMapping lifecycle mapping for MavenProject: esipeMavenProjet:RestClient:0.0.1-SNAPSHOT @ C:\Users\benoit\git cycleLogiciel\Esipe\mavenRestProject\RestClient\pom.xml.
2018-10-18 16:35:43,625 [Worker-15] INFO  o.e.m.c.i.embedder.EclipseLogger - Using 'UTF-8' encoding to copy filtered resources.
2018-10-18 16:35:43,625 [Worker-15] INFO  o.e.m.c.i.embedder.EclipseLogger - skip non existing resourceDirectory C:\Users\benoit\git cycleLogiciel\Esipe\mavenRestProject\RestClient\src\main\resources
2018-10-18 16:35:43,627 [Worker-15] INFO  o.e.m.c.i.embedder.EclipseLogger - Using 'UTF-8' encoding to copy filtered resources.
2018-10-18 16:35:43,628 [Worker-15] INFO  o.e.m.c.i.embedder.EclipseLogger - skip non existing resourceDirectory C:\Users\benoit\git cycleLogiciel\Esipe\mavenRestProject\RestClient\src\test\resources
2018-10-18 16:35:44,048 [Worker-15] INFO  o.e.m.c.i.l.LifecycleMappingFactory - Using org.eclipse.m2e.jdt.JarLifecycleMapping lifecycle mapping for MavenProject: esipeMavenProjet:RestCommon:0.0.1-SNAPSHOT @ C:\Users\benoit\git cycleLogiciel\Esipe\mavenRestProject\RestCommon\pom.xml.
2018-10-18 16:35:44,444 [Worker-15] INFO  o.e.m.c.i.embedder.EclipseLogger - Using 'UTF-8' encoding to copy filtered resources.
2018-10-18 16:35:44,444 [Worker-15] INFO  o.e.m.c.i.embedder.EclipseLogger - skip non existing resourceDirectory C:\Users\benoit\git cycleLogiciel\Esipe\mavenRestProject\RestCommon\src\main\resources
2018-10-18 16:35:44,446 [Worker-15] INFO  o.e.m.c.i.embedder.EclipseLogger - Using 'UTF-8' encoding to copy filtered resources.
2018-10-18 16:35:44,447 [Worker-15] INFO  o.e.m.c.i.embedder.EclipseLogger - skip non existing resourceDirectory C:\Users\benoit\git cycleLogiciel\Esipe\mavenRestProject\RestCommon\src\test\resources
2018-10-18 16:35:45,103 [Worker-15] INFO  o.e.m.c.i.l.LifecycleMappingFactory - Using org.eclipse.m2e.jdt.JarLifecycleMapping lifecycle mapping for MavenProject: esipeMavenProjet:RestController:0.0.1-SNAPSHOT @ C:\Users\benoit\git cycleLogiciel\Esipe\mavenRestProject\RestController\pom.xml.
2018-10-18 16:35:45,733 [Worker-15] INFO  o.e.m.c.i.embedder.EclipseLogger - Using 'UTF-8' encoding to copy filtered resources.
2018-10-18 16:35:45,733 [Worker-15] INFO  o.e.m.c.i.embedder.EclipseLogger - skip non existing resourceDirectory C:\Users\benoit\git cycleLogiciel\Esipe\mavenRestProject\RestController\src\main\resources
2018-10-18 16:35:45,735 [Worker-15] INFO  o.e.m.c.i.embedder.EclipseLogger - Using 'UTF-8' encoding to copy filtered resources.
2018-10-18 16:35:45,735 [Worker-15] INFO  o.e.m.c.i.embedder.EclipseLogger - skip non existing resourceDirectory C:\Users\benoit\git cycleLogiciel\Esipe\mavenRestProject\RestController\src\test\resources
2018-10-18 16:35:46,153 [Worker-15] INFO  o.e.m.c.i.l.LifecycleMappingFactory - Using org.eclipse.m2e.jdt.JarLifecycleMapping lifecycle mapping for MavenProject: esipeMavenProjet:RestServer:0.0.1-SNAPSHOT @ C:\Users\benoit\git cycleLogiciel\Esipe\mavenRestProject\RestServer\pom.xml.
2018-10-18 16:35:55,672 [Worker-15] INFO  o.e.m.c.i.embedder.EclipseLogger - Using 'UTF-8' encoding to copy filtered resources.
2018-10-18 16:35:55,672 [Worker-15] INFO  o.e.m.c.i.embedder.EclipseLogger - skip non existing resourceDirectory C:\Users\benoit\git cycleLogiciel\Esipe\mavenRestProject\RestServer\src\main\resources
2018-10-18 16:35:55,675 [Worker-15] INFO  o.e.m.c.i.embedder.EclipseLogger - Using 'UTF-8' encoding to copy filtered resources.
2018-10-18 16:35:55,675 [Worker-15] INFO  o.e.m.c.i.embedder.EclipseLogger - skip non existing resourceDirectory C:\Users\benoit\git cycleLogiciel\Esipe\mavenRestProject\RestServer\src\test\resources
2018-10-18 16:35:57,223 [Worker-17] INFO  o.e.m.c.i.embedder.EclipseLogger - Using 'UTF-8' encoding to copy filtered resources.
2018-10-18 16:35:57,224 [Worker-17] INFO  o.e.m.c.i.embedder.EclipseLogger - skip non existing resourceDirectory C:\Users\benoit\git cycleLogiciel\Esipe\mavenRestProject\RestClient\src\main\resources
2018-10-18 16:35:57,226 [Worker-17] INFO  o.e.m.c.i.embedder.EclipseLogger - Using 'UTF-8' encoding to copy filtered resources.
2018-10-18 16:35:57,227 [Worker-17] INFO  o.e.m.c.i.embedder.EclipseLogger - skip non existing resourceDirectory C:\Users\benoit\git cycleLogiciel\Esipe\mavenRestProject\RestClient\src\test\resources
2018-10-18 16:37:43,162 [Worker-23] INFO  o.e.m.c.i.embedder.EclipseLogger - Using 'UTF-8' encoding to copy filtered resources.
2018-10-18 16:37:43,163 [Worker-23] INFO  o.e.m.c.i.embedder.EclipseLogger - skip non existing resourceDirectory C:\Users\benoit\git cycleLogiciel\Esipe\mavenRestProject\RestClient\src\main\resources
2018-10-18 16:37:43,165 [Worker-23] INFO  o.e.m.c.i.embedder.EclipseLogger - Using 'UTF-8' encoding to copy filtered resources.
2018-10-18 16:37:43,165 [Worker-23] INFO  o.e.m.c.i.embedder.EclipseLogger - skip non existing resourceDirectory C:\Users\benoit\git cycleLogiciel\Esipe\mavenRestProject\RestClient\src\test\resources
2018-10-18 16:37:43,454 [Worker-23] INFO  o.e.m.c.i.embedder.EclipseLogger - Using 'UTF-8' encoding to copy filtered resources.
2018-10-18 16:37:43,454 [Worker-23] INFO  o.e.m.c.i.embedder.EclipseLogger - skip non existing resourceDirectory C:\Users\benoit\git cycleLogiciel\Esipe\mavenRestProject\RestCommon\src\main\resources
2018-10-18 16:37:43,456 [Worker-23] INFO  o.e.m.c.i.embedder.EclipseLogger - Using 'UTF-8' encoding to copy filtered resources.
2018-10-18 16:37:43,456 [Worker-23] INFO  o.e.m.c.i.embedder.EclipseLogger - skip non existing resourceDirectory C:\Users\benoit\git cycleLogiciel\Esipe\mavenRestProject\RestCommon\src\test\resources
2018-10-18 16:37:43,558 [Worker-23] INFO  o.e.m.c.i.embedder.EclipseLogger - Using 'UTF-8' encoding to copy filtered resources.
2018-10-18 16:37:43,558 [Worker-23] INFO  o.e.m.c.i.embedder.EclipseLogger - skip non existing resourceDirectory C:\Users\benoit\git cycleLogiciel\Esipe\mavenRestProject\RestController\src\main\resources
2018-10-18 16:37:43,562 [Worker-23] INFO  o.e.m.c.i.embedder.EclipseLogger - Using 'UTF-8' encoding to copy filtered resources.
2018-10-18 16:37:43,562 [Worker-23] INFO  o.e.m.c.i.embedder.EclipseLogger - skip non existing resourceDirectory C:\Users\benoit\git cycleLogiciel\Esipe\mavenRestProject\RestController\src\test\resources
2018-10-18 16:37:45,587 [Worker-23] INFO  o.e.m.c.i.embedder.EclipseLogger - Using 'UTF-8' encoding to copy filtered resources.
2018-10-18 16:37:45,588 [Worker-23] INFO  o.e.m.c.i.embedder.EclipseLogger - skip non existing resourceDirectory C:\Users\benoit\git cycleLogiciel\Esipe\mavenRestProject\RestServer\src\main\resources
2018-10-18 16:37:45,590 [Worker-23] INFO  o.e.m.c.i.embedder.EclipseLogger - Using 'UTF-8' encoding to copy filtered resources.
2018-10-18 16:37:45,590 [Worker-23] INFO  o.e.m.c.i.embedder.EclipseLogger - skip non existing resourceDirectory C:\Users\benoit\git cycleLogiciel\Esipe\mavenRestProject\RestServer\src\test\resources
2018-10-18 17:01:04,333 [Worker-19] INFO  o.e.m.c.i.embedder.EclipseLogger - Using 'UTF-8' encoding to copy filtered resources.
2018-10-18 17:01:04,333 [Worker-19] INFO  o.e.m.c.i.embedder.EclipseLogger - skip non existing resourceDirectory C:\Users\benoit\git cycleLogiciel\Esipe\mavenRestProject\RestClient\src\main\resources
2018-10-18 17:01:04,335 [Worker-19] INFO  o.e.m.c.i.embedder.EclipseLogger - Using 'UTF-8' encoding to copy filtered resources.
2018-10-18 17:01:04,335 [Worker-19] INFO  o.e.m.c.i.embedder.EclipseLogger - skip non existing resourceDirectory C:\Users\benoit\git cycleLogiciel\Esipe\mavenRestProject\RestClient\src\test\resources
2018-10-18 17:01:04,411 [Worker-19] INFO  o.e.m.c.i.embedder.EclipseLogger - Using 'UTF-8' encoding to copy filtered resources.
2018-10-18 17:01:04,411 [Worker-19] INFO  o.e.m.c.i.embedder.EclipseLogger - skip non existing resourceDirectory C:\Users\benoit\git cycleLogiciel\Esipe\mavenRestProject\RestCommon\src\main\resources
2018-10-18 17:01:04,412 [Worker-19] INFO  o.e.m.c.i.embedder.EclipseLogger - Using 'UTF-8' encoding to copy filtered resources.
2018-10-18 17:01:04,413 [Worker-19] INFO  o.e.m.c.i.embedder.EclipseLogger - skip non existing resourceDirectory C:\Users\benoit\git cycleLogiciel\Esipe\mavenRestProject\RestCommon\src\test\resources
2018-10-18 17:01:04,500 [Worker-19] INFO  o.e.m.c.i.embedder.EclipseLogger - Using 'UTF-8' encoding to copy filtered resources.
2018-10-18 17:01:04,501 [Worker-19] INFO  o.e.m.c.i.embedder.EclipseLogger - skip non existing resourceDirectory C:\Users\benoit\git cycleLogiciel\Esipe\mavenRestProject\RestController\src\main\resources
2018-10-18 17:01:04,502 [Worker-19] INFO  o.e.m.c.i.embedder.EclipseLogger - Using 'UTF-8' encoding to copy filtered resources.
2018-10-18 17:01:04,502 [Worker-19] INFO  o.e.m.c.i.embedder.EclipseLogger - skip non existing resourceDirectory C:\Users\benoit\git cycleLogiciel\Esipe\mavenRestProject\RestController\src\test\resources
2018-10-18 17:01:04,518 [Worker-19] INFO  o.e.m.c.i.embedder.EclipseLogger - Using 'UTF-8' encoding to copy filtered resources.
2018-10-18 17:01:04,519 [Worker-19] INFO  o.e.m.c.i.embedder.EclipseLogger - skip non existing resourceDirectory C:\Users\benoit\git cycleLogiciel\Esipe\mavenRestProject\RestServer\src\main\resources
2018-10-18 17:01:04,521 [Worker-19] INFO  o.e.m.c.i.embedder.EclipseLogger - Using 'UTF-8' encoding to copy filtered resources.
2018-10-18 17:01:04,521 [Worker-19] INFO  o.e.m.c.i.embedder.EclipseLogger - skip non existing resourceDirectory C:\Users\benoit\git cycleLogiciel\Esipe\mavenRestProject\RestServer\src\test\resources
2018-10-18 17:06:05,418 [Worker-18] INFO  o.e.m.c.i.embedder.EclipseLogger - Using 'UTF-8' encoding to copy filtered resources.
2018-10-18 17:06:05,418 [Worker-18] INFO  o.e.m.c.i.embedder.EclipseLogger - skip non existing resourceDirectory C:\Users\benoit\git cycleLogiciel\Esipe\mavenRestProject\RestClient\src\main\resources
2018-10-18 17:06:05,419 [Worker-18] INFO  o.e.m.c.i.embedder.EclipseLogger - Using 'UTF-8' encoding to copy filtered resources.
2018-10-18 17:06:05,419 [Worker-18] INFO  o.e.m.c.i.embedder.EclipseLogger - skip non existing resourceDirectory C:\Users\benoit\git cycleLogiciel\Esipe\mavenRestProject\RestClient\src\test\resources
2018-10-18 17:06:05,494 [Worker-18] INFO  o.e.m.c.i.embedder.EclipseLogger - Using 'UTF-8' encoding to copy filtered resources.
2018-10-18 17:06:05,494 [Worker-18] INFO  o.e.m.c.i.embedder.EclipseLogger - skip non existing resourceDirectory C:\Users\benoit\git cycleLogiciel\Esipe\mavenRestProject\RestCommon\src\main\resources
2018-10-18 17:06:05,499 [Worker-18] INFO  o.e.m.c.i.embedder.EclipseLogger - Using 'UTF-8' encoding to copy filtered resources.
2018-10-18 17:06:05,500 [Worker-18] INFO  o.e.m.c.i.embedder.EclipseLogger - skip non existing resourceDirectory C:\Users\benoit\git cycleLogiciel\Esipe\mavenRestProject\RestCommon\src\test\resources
2018-10-18 17:06:05,524 [Worker-18] INFO  o.e.m.c.i.embedder.EclipseLogger - Using 'UTF-8' encoding to copy filtered resources.
2018-10-18 17:06:05,524 [Worker-18] INFO  o.e.m.c.i.embedder.EclipseLogger - skip non existing resourceDirectory C:\Users\benoit\git cycleLogiciel\Esipe\mavenRestProject\RestController\src\main\resources
2018-10-18 17:06:05,527 [Worker-18] INFO  o.e.m.c.i.embedder.EclipseLogger - Using 'UTF-8' encoding to copy filtered resources.
2018-10-18 17:06:05,527 [Worker-18] INFO  o.e.m.c.i.embedder.EclipseLogger - skip non existing resourceDirectory C:\Users\benoit\git cycleLogiciel\Esipe\mavenRestProject\RestController\src\test\resources
2018-10-18 17:06:05,544 [Worker-18] INFO  o.e.m.c.i.embedder.EclipseLogger - Using 'UTF-8' encoding to copy filtered resources.
2018-10-18 17:06:05,544 [Worker-18] INFO  o.e.m.c.i.embedder.EclipseLogger - skip non existing resourceDirectory C:\Users\benoit\git cycleLogiciel\Esipe\mavenRestProject\RestServer\src\main\resources
2018-10-18 17:06:05,546 [Worker-18] INFO  o.e.m.c.i.embedder.EclipseLogger - Using 'UTF-8' encoding to copy filtered resources.
2018-10-18 17:06:05,546 [Worker-18] INFO  o.e.m.c.i.embedder.EclipseLogger - skip non existing resourceDirectory C:\Users\benoit\git cycleLogiciel\Esipe\mavenRestProject\RestServer\src\test\resources
